<?xml version="1.0" encoding="UTF-8"?>
<!-- Generated by org.testng.reporters.JUnitReportReporter -->
<testsuite hostname="luisbravo" failures="0" tests="5" name="AutomationPracticeTest" time="6.097" errors="0" timestamp="2022-10-06T20:17:26 COT" skipped="0">
  <testcase classname="AutomationPracticeTest" name="requerimientoSR1012" time="0.171"/>
  <system-out/>
  <testcase classname="AutomationPracticeTest" name="requerimientoSR1010" time="0.122"/>
  <system-out/>
  <testcase classname="AutomationPracticeTest" name="requerimientoSR1013" time="0.322"/>
  <system-out/>
  <testcase classname="AutomationPracticeTest" name="requerimientoSR1014" time="2.232"/>
  <system-out/>
  <testcase classname="AutomationPracticeTest" name="requerimientoSR1015" time="3.250"/>
  <system-out/>
</testsuite> <!-- AutomationPracticeTest -->
